0 info it worked if it ends with ok
1 verbose cli [ '/home/ubuntu/.nvm/versions/node/v4.6.1/bin/node',
1 verbose cli   '/home/ubuntu/.nvm/versions/node/v4.6.1/bin/npm',
1 verbose cli   'publish' ]
2 info using npm@2.15.9
3 info using node@v4.6.1
4 verbose publish [ '.' ]
5 silly cache add args [ '.', null ]
6 verbose cache add spec .
7 silly cache add parsed spec Result {
7 silly cache add   raw: '.',
7 silly cache add   scope: null,
7 silly cache add   name: null,
7 silly cache add   rawSpec: '.',
7 silly cache add   spec: '/home/ubuntu/workspace',
7 silly cache add   type: 'directory' }
8 verbose addLocalDirectory /home/ubuntu/.npm/custom-alert/2.0.1/package.tgz not in flight; packing
9 verbose correctMkdir /home/ubuntu/.npm correctMkdir not in flight; initializing
10 verbose tar pack [ '/home/ubuntu/.npm/custom-alert/2.0.1/package.tgz',
10 verbose tar pack   '/home/ubuntu/workspace' ]
11 verbose tarball /home/ubuntu/.npm/custom-alert/2.0.1/package.tgz
12 verbose folder /home/ubuntu/workspace
13 info prepublish custom-alert@2.0.1
14 verbose addLocalTarball adding from inside cache /home/ubuntu/.npm/custom-alert/2.0.1/package.tgz
15 verbose correctMkdir /home/ubuntu/.npm correctMkdir not in flight; initializing
16 silly cache afterAdd custom-alert@2.0.1
17 verbose afterAdd /home/ubuntu/.npm/custom-alert/2.0.1/package/package.json not in flight; writing
18 verbose correctMkdir /home/ubuntu/.npm correctMkdir not in flight; initializing
19 verbose afterAdd /home/ubuntu/.npm/custom-alert/2.0.1/package/package.json written
20 silly publish { name: 'custom-alert',
20 silly publish   version: '2.0.1',
20 silly publish   description: 'Override the alert () and confirm () functions of JavaScript, allowing you to customize them. This application does not use jQuery or another framework, just JavaScript and CSS. Responsive design.',
20 silly publish   main: 'gulpfile.js',
20 silly publish   scripts: { test: 'echo "Error: no test specified" && exit 1' },
20 silly publish   repository:
20 silly publish    { type: 'git',
20 silly publish      url: 'git+https://github.com/PhilippeAssis/custom-alert.git' },
20 silly publish   author: '',
20 silly publish   license: 'ISC',
20 silly publish   bugs: { url: 'https://github.com/PhilippeAssis/custom-alert/issues' },
20 silly publish   homepage: 'https://github.com/PhilippeAssis/custom-alert#readme',
20 silly publish   dependencies: {},
20 silly publish   devDependencies:
20 silly publish    { gulp: '^3.9.1',
20 silly publish      'gulp-autowatch': '^1.0.2',
20 silly publish      'gulp-clean': '^0.3.2',
20 silly publish      'gulp-minify': '0.0.14',
20 silly publish      'gulp-plumber': '^1.1.0',
20 silly publish      'gulp-pug': '^3.1.0',
20 silly publish      'gulp-stylus': '^2.6.0',
20 silly publish      pug: '^2.0.0-beta6',
20 silly publish      stylus: '^0.54.5' },
20 silly publish   readme: '#custom-alert.js\n![custom-alert.js](https://raw.githubusercontent.com/PhilippeAssis/custom-alert/master/customAlert2.jpg)\n\nOverride the alert () and confirm () functions of JavaScript, allowing you to customize them. This application does not use jQuery or another framework, just JavaScript and CSS. Responsive design.\n\n## Demo\n[demo page](https://philippeassis.github.io/custom-alert)\n\n## Install\n#### NPM\n```\nnpm install --save custom-alert\n```\n\n#### Bower\n```\nbower install --save custom-alert\n```\n\n### Apply\n\nDefault style\n```html\n<link rel="stylesheet" href="YOU/PATH/dist/css/custom-alert.css">\n```\n\nDefault bootstrap style\n```html\n<link rel="stylesheet" href="YOU/PATH/dist/css/custom-alert-bootstrap.css"> \n```\n\nand script\n```html\n<script src="YOU/PATH/dist/js/custom-alert.min.js">\n```\n\n## Use\n\nThere are **two** ways to apply customAlert.\n\nThe first is to start the function by allowing it to automatically override the `alert()` and `confirm()` global (`window.alert`, `window.confirm`).\n```javascript\n    new customAlert();\n    confirm("Confirm text", function(done){\n        alert(\'Alert text\')\n    })\n```\n\nThe second returning the functions in an object, so it passes `false` as an attribute of `customAlert()`\n```javascript\n    var custom = new customAlert(false);\n    custom.confirm("Confirm text", function(done){\n        custom.alert(\'Alert text\')\n    })\n```\n### alert(dialog, options || callback, callback)\nSimply.\n```javascript\n    alert("Alert text")\n```\n\nEditing title and button text;\n```javascript\n    alert("Alert text", {title: \'Olá\', button: "Go!"})\n```\n\nPerforming a callback after the operation.\n```javascript\n    alert("Alert text", {title: \'Olá\', button: "Go!"}, function(){\n        //...\n    })\n```\n### confirm(dialog, callback || {callbacks}, options)\nCalling a callback to handle the result. In this case, the callback receives an argument with `true` or `false`\n```javascript\n    confirm("Alert text", function(done){\n        if(done){\n            alert(\'true\')\n        }\n        else{\n            alert(\'false\')\n        }\n    })\n```\nDefining different callbacks for different results.\n```javascript\n    confirm("Comfirm text", {\n        "success" : function(){\n            //..\n        },\n        "cancel" : function(){\n            //..\n        }\n    })\n```\nSetting Title and Text of Buttons.\n```javascript\n    confirm("Comfirm text", function(done){\n        //..\n    }, { \n        "title" : "Wellcome",\n        "buttons": {\n            "done" : ":)",\n            "cancel" : ":("\n        }\n    })\n```\n\n## Arguments and options\n\n#### Alert\n##### options\n - **title:**  The title.\n - **done:**  The button text.\n\n#### Confirm\n##### options\n - **title:**  The title.\n - **buttons.done:**  The done text.\n - **buttons.cancel:**  The cancel text.\n\n##### callback\n - **buttons.success:**  if button done press.\n - **buttons.cancel:**  if button calcel press.\n - **only function:**  Gets an attribute with true or false.\n\nI see an example on the [demo page](https://philippeassis.github.io/custom-alert)',
20 silly publish   readmeFilename: 'README.md',
20 silly publish   gitHead: '3e17d4cefb9832b246a15a77e99d16f661322c32',
20 silly publish   _id: 'custom-alert@2.0.1',
20 silly publish   _shasum: 'ae3ebf5bab4f41c448ee7dcbe2091cb4e283b303',
20 silly publish   _from: '.' }
21 verbose getPublishConfig undefined
22 silly mapToRegistry name custom-alert
23 silly mapToRegistry using default registry
24 silly mapToRegistry registry https://registry.npmjs.org/
25 silly mapToRegistry data Result {
25 silly mapToRegistry   raw: 'custom-alert',
25 silly mapToRegistry   scope: null,
25 silly mapToRegistry   name: 'custom-alert',
25 silly mapToRegistry   rawSpec: '',
25 silly mapToRegistry   spec: 'latest',
25 silly mapToRegistry   type: 'tag' }
26 silly mapToRegistry uri https://registry.npmjs.org/custom-alert
27 verbose publish registryBase https://registry.npmjs.org/
28 silly publish uploading /home/ubuntu/.npm/custom-alert/2.0.1/package.tgz
29 verbose request uri https://registry.npmjs.org/custom-alert
30 verbose request sending authorization for write operation
31 info attempt registry request try #1 at 4:36:17 PM
32 verbose request using bearer token for auth
33 verbose request id 6dcbc832963290fe
34 http request PUT https://registry.npmjs.org/custom-alert
35 http 403 https://registry.npmjs.org/custom-alert
36 verbose headers { 'content-type': 'application/json',
36 verbose headers   'cache-control': 'max-age=300',
36 verbose headers   'content-length': '95',
36 verbose headers   'accept-ranges': 'bytes',
36 verbose headers   date: 'Fri, 11 Nov 2016 16:36:18 GMT',
36 verbose headers   via: '1.1 varnish',
36 verbose headers   connection: 'keep-alive',
36 verbose headers   'x-served-by': 'cache-ord1736-ORD',
36 verbose headers   'x-cache': 'MISS',
36 verbose headers   'x-cache-hits': '0',
36 verbose headers   'x-timer': 'S1478882177.820526,VS0,VE796',
36 verbose headers   vary: 'Accept-Encoding' }
37 verbose request invalidating /home/ubuntu/.npm/registry.npmjs.org/custom-alert on PUT
38 error publish Failed PUT 403
39 verbose stack Error: "You cannot publish over the previously published version 2.0.1." : custom-alert
39 verbose stack     at makeError (/home/ubuntu/.nvm/versions/node/v4.6.1/lib/node_modules/npm/node_modules/npm-registry-client/lib/request.js:264:12)
39 verbose stack     at CachingRegistryClient.<anonymous> (/home/ubuntu/.nvm/versions/node/v4.6.1/lib/node_modules/npm/node_modules/npm-registry-client/lib/request.js:252:14)
39 verbose stack     at Request._callback (/home/ubuntu/.nvm/versions/node/v4.6.1/lib/node_modules/npm/node_modules/npm-registry-client/lib/request.js:172:14)
39 verbose stack     at Request.self.callback (/home/ubuntu/.nvm/versions/node/v4.6.1/lib/node_modules/npm/node_modules/request/request.js:200:22)
39 verbose stack     at emitTwo (events.js:87:13)
39 verbose stack     at Request.emit (events.js:172:7)
39 verbose stack     at Request.<anonymous> (/home/ubuntu/.nvm/versions/node/v4.6.1/lib/node_modules/npm/node_modules/request/request.js:1067:10)
39 verbose stack     at emitOne (events.js:82:20)
39 verbose stack     at Request.emit (events.js:169:7)
39 verbose stack     at IncomingMessage.<anonymous> (/home/ubuntu/.nvm/versions/node/v4.6.1/lib/node_modules/npm/node_modules/request/request.js:988:12)
40 verbose statusCode 403
41 verbose pkgid custom-alert
42 verbose cwd /home/ubuntu/workspace
43 error Linux 4.2.0-c9
44 error argv "/home/ubuntu/.nvm/versions/node/v4.6.1/bin/node" "/home/ubuntu/.nvm/versions/node/v4.6.1/bin/npm" "publish"
45 error node v4.6.1
46 error npm  v2.15.9
47 error code E403
48 error "You cannot publish over the previously published version 2.0.1." : custom-alert
49 error If you need help, you may report this error at:
49 error     <https://github.com/npm/npm/issues>
50 verbose exit [ 1, true ]
